<?xml version="1.0" encoding="UTF-8"?>
<testsuite name="Cucumber" time="817.327" tests="10" skipped="0" failures="2" errors="0" timestamp="2025-09-06T18:24:53.739519900Z">
<testcase classname="Check user is able to register using correct details" name="Validate Registration" time="116.47">
<system-out><![CDATA[
Given registration page should open in default browser......................passed
When click on register button...............................................passed
And enter the details.......................................................passed
And create new password.....................................................passed
And click on register.......................................................passed
Then open home page.........................................................passed
]]></system-out>
</testcase>
<testcase classname="Check user is able to login with valid credentials" name="Validate Login" time="21.22">
<system-out><![CDATA[
Given login page should open in default browser.............................passed
When click on login button..................................................passed
And enter the email address.................................................passed
And enter password..........................................................passed
And click on login..........................................................passed
Then open new webpage.......................................................passed
]]></system-out>
</testcase>
<testcase classname="Check user is able to search products" name="Validate Search" time="72.388">
<system-out><![CDATA[
Given search page should open in default browser............................passed
When enter product names in searchbox.......................................passed
Then display product lists..................................................passed
]]></system-out>
</testcase>
<testcase classname="Check user is able to add products to cart" name="Validate Add to cart" time="17.33">
<system-out><![CDATA[
Given add to cart page should open in default browser.......................passed
When search for a product...................................................passed
And click on add to cart button.............................................passed
And click on shopping cart button...........................................passed
Then show the added product.................................................passed
]]></system-out>
</testcase>
<testcase classname="Check user is able to delete products from cart" name="Validate delete from cart" time="184.422">
<failure type="org.openqa.selenium.TimeoutException" message="java.util.concurrent.TimeoutException
Build info: version: '4.23.0', revision: '4df0a231af'
System info: os.name: 'Windows 10', os.arch: 'amd64', os.version: '10.0', java.version: '17.0.12'
Driver info: org.openqa.selenium.chrome.ChromeDriver
Command: [867cd3abf4485125b5ded2751fe7efd7, get {url=https://demo.nopcommerce.com/}]
Capabilities {acceptInsecureCerts: false, browserName: chrome, browserVersion: 140.0.7339.81, chrome: {chromedriverVersion: 140.0.7339.80 (670b6f192f46..., userDataDir: C:\Users\owner\AppData\Loca...}, fedcm:accounts: true, goog:chromeOptions: {debuggerAddress: localhost:52949}, networkConnectionEnabled: false, pageLoadStrategy: normal, platformName: windows, proxy: Proxy(), se:cdp: ws://localhost:52949/devtoo..., se:cdpVersion: 140.0.7339.81, setWindowRect: true, strictFileInteractability: false, timeouts: {implicit: 0, pageLoad: 300000, script: 30000}, unhandledPromptBehavior: dismiss and notify, webauthn:extension:credBlob: true, webauthn:extension:largeBlob: true, webauthn:extension:minPinLength: true, webauthn:extension:prf: true, webauthn:virtualAuthenticators: true}
Session ID: 867cd3abf4485125b5ded2751fe7efd7">
<![CDATA[org.openqa.selenium.TimeoutException: java.util.concurrent.TimeoutException
Build info: version: '4.23.0', revision: '4df0a231af'
System info: os.name: 'Windows 10', os.arch: 'amd64', os.version: '10.0', java.version: '17.0.12'
Driver info: org.openqa.selenium.chrome.ChromeDriver
Command: [867cd3abf4485125b5ded2751fe7efd7, get {url=https://demo.nopcommerce.com/}]
Capabilities {acceptInsecureCerts: false, browserName: chrome, browserVersion: 140.0.7339.81, chrome: {chromedriverVersion: 140.0.7339.80 (670b6f192f46..., userDataDir: C:\Users\owner\AppData\Loca...}, fedcm:accounts: true, goog:chromeOptions: {debuggerAddress: localhost:52949}, networkConnectionEnabled: false, pageLoadStrategy: normal, platformName: windows, proxy: Proxy(), se:cdp: ws://localhost:52949/devtoo..., se:cdpVersion: 140.0.7339.81, setWindowRect: true, strictFileInteractability: false, timeouts: {implicit: 0, pageLoad: 300000, script: 30000}, unhandledPromptBehavior: dismiss and notify, webauthn:extension:credBlob: true, webauthn:extension:largeBlob: true, webauthn:extension:minPinLength: true, webauthn:extension:prf: true, webauthn:virtualAuthenticators: true}
Session ID: 867cd3abf4485125b5ded2751fe7efd7
	at org.openqa.selenium.remote.http.jdk.JdkHttpClient.execute0(JdkHttpClient.java:399)
	at org.openqa.selenium.remote.http.AddSeleniumUserAgent.lambda$apply$0(AddSeleniumUserAgent.java:42)
	at org.openqa.selenium.remote.http.Filter.lambda$andFinally$1(Filter.java:55)
	at org.openqa.selenium.remote.http.jdk.JdkHttpClient.execute(JdkHttpClient.java:355)
	at org.openqa.selenium.remote.HttpCommandExecutor.execute(HttpCommandExecutor.java:187)
	at org.openqa.selenium.remote.service.DriverCommandExecutor.invokeExecute(DriverCommandExecutor.java:216)
	at org.openqa.selenium.remote.service.DriverCommandExecutor.execute(DriverCommandExecutor.java:174)
	at org.openqa.selenium.remote.RemoteWebDriver.execute(RemoteWebDriver.java:527)
	at org.openqa.selenium.remote.RemoteWebDriver.get(RemoteWebDriver.java:302)
	at step_deifinition.Step_DeleteFromCart.delete_from_cart_page_should_open_in_default_browser(Step_DeleteFromCart.java:18)
	at ✽.delete from cart page should open in default browser(file:///C:/Users/owner/new_eclipse_workspace/Nopcommerce/src/test/resources/nopcommerce_features/05delete_from_cart.feature:3)
Caused by: java.util.concurrent.TimeoutException
	at java.base/java.util.concurrent.CompletableFuture.timedGet(CompletableFuture.java:1960)
	at java.base/java.util.concurrent.CompletableFuture.get(CompletableFuture.java:2095)
	at org.openqa.selenium.remote.http.jdk.JdkHttpClient.execute0(JdkHttpClient.java:382)
	... 10 more
]]>
</failure>
<system-out><![CDATA[
Given delete from cart page should open in default browser..................failed
When Add the product to cart................................................skipped
And Click on shopping cart..................................................skipped
And click on remove button..................................................skipped
Then product deleted successfully...........................................skipped
]]></system-out>
</testcase>
<testcase classname="Check user is able to change the currency" name="Validate Currency selection" time="90.089">
<system-out><![CDATA[
Given Home page should open in default browser..............................passed
When click on currency dropdown.............................................passed
And click on the euro option................................................passed
Then change the currency of all products to euro............................passed
]]></system-out>
</testcase>
<testcase classname="Check user is able to add product to wishlist" name="Validate add to wishlist function" time="49.334">
<system-out><![CDATA[
Given product page should open in default browser...........................passed
When search a product.......................................................passed
And click on the add to wishlist icon.......................................passed
And click on Wishlist option................................................passed
Then display products in the wishlist.......................................passed
]]></system-out>
</testcase>
<testcase classname="Check user is able to open social media pages of nopcommerce" name="Validate Social media" time="87.133">
<system-out><![CDATA[
Given Social media page should open in default browser......................passed
When scroll to the footer section...........................................passed
And click on facebook icon..................................................passed
Then open facebook page of nopcommerce......................................passed
And click on x icon.........................................................passed
Then open x page of nopcommerce.............................................passed
And click on instagram icon.................................................passed
Then open instagram page of nopcommerce.....................................passed
And click on youtube icon...................................................passed
Then open youtube page of nopcommerce.......................................passed
]]></system-out>
</testcase>
<testcase classname="Check user is able to add new address" name="Validate Update Address" time="141.285">
<system-out><![CDATA[
Given address page should open in default browser...........................passed
When log in to nopcommerce website..........................................passed
And click on my account button..............................................passed
And click on addresses button...............................................passed
And click on add new button.................................................passed
And enter first name........................................................passed
And enter last name.........................................................passed
And enter email address.....................................................passed
And enter company...........................................................passed
And select country from dropdown............................................passed
And select state from dropdown..............................................passed
And enter city..............................................................passed
And enter address line one..................................................passed
And enter address line two..................................................passed
And enter pincode...........................................................passed
And enter phone number......................................................passed
And click on save button....................................................passed
Then new address added successfully.........................................passed
]]></system-out>
</testcase>
<testcase classname="Check user is able to change password and logout" name="Validate change password and logout functionality" time="37.059">
<failure type="org.openqa.selenium.NoSuchElementException" message="no such element: Unable to locate element: {&quot;method&quot;:&quot;xpath&quot;,&quot;selector&quot;:&quot;//*[@id=&quot;bar-notification&quot;]/div/span&quot;}
  (Session info: chrome=140.0.7339.81)
For documentation on this error, please visit: https://www.selenium.dev/documentation/webdriver/troubleshooting/errors#no-such-element-exception
Build info: version: '4.23.0', revision: '4df0a231af'
System info: os.name: 'Windows 10', os.arch: 'amd64', os.version: '10.0', java.version: '17.0.12'
Driver info: org.openqa.selenium.chrome.ChromeDriver
Command: [5f637bfc086c61f826f9ae559d801cd8, findElement {value=//*[@id=&quot;bar-notification&quot;]/div/span, using=xpath}]
Capabilities {acceptInsecureCerts: false, browserName: chrome, browserVersion: 140.0.7339.81, chrome: {chromedriverVersion: 140.0.7339.80 (670b6f192f46..., userDataDir: C:\Users\owner\AppData\Loca...}, fedcm:accounts: true, goog:chromeOptions: {debuggerAddress: localhost:53119}, networkConnectionEnabled: false, pageLoadStrategy: normal, platformName: windows, proxy: Proxy(), se:cdp: ws://localhost:53119/devtoo..., se:cdpVersion: 140.0.7339.81, setWindowRect: true, strictFileInteractability: false, timeouts: {implicit: 0, pageLoad: 300000, script: 30000}, unhandledPromptBehavior: dismiss and notify, webauthn:extension:credBlob: true, webauthn:extension:largeBlob: true, webauthn:extension:minPinLength: true, webauthn:extension:prf: true, webauthn:virtualAuthenticators: true}
Session ID: 5f637bfc086c61f826f9ae559d801cd8">
<![CDATA[org.openqa.selenium.NoSuchElementException: no such element: Unable to locate element: {"method":"xpath","selector":"//*[@id="bar-notification"]/div/span"}
  (Session info: chrome=140.0.7339.81)
For documentation on this error, please visit: https://www.selenium.dev/documentation/webdriver/troubleshooting/errors#no-such-element-exception
Build info: version: '4.23.0', revision: '4df0a231af'
System info: os.name: 'Windows 10', os.arch: 'amd64', os.version: '10.0', java.version: '17.0.12'
Driver info: org.openqa.selenium.chrome.ChromeDriver
Command: [5f637bfc086c61f826f9ae559d801cd8, findElement {value=//*[@id="bar-notification"]/div/span, using=xpath}]
Capabilities {acceptInsecureCerts: false, browserName: chrome, browserVersion: 140.0.7339.81, chrome: {chromedriverVersion: 140.0.7339.80 (670b6f192f46..., userDataDir: C:\Users\owner\AppData\Loca...}, fedcm:accounts: true, goog:chromeOptions: {debuggerAddress: localhost:53119}, networkConnectionEnabled: false, pageLoadStrategy: normal, platformName: windows, proxy: Proxy(), se:cdp: ws://localhost:53119/devtoo..., se:cdpVersion: 140.0.7339.81, setWindowRect: true, strictFileInteractability: false, timeouts: {implicit: 0, pageLoad: 300000, script: 30000}, unhandledPromptBehavior: dismiss and notify, webauthn:extension:credBlob: true, webauthn:extension:largeBlob: true, webauthn:extension:minPinLength: true, webauthn:extension:prf: true, webauthn:virtualAuthenticators: true}
Session ID: 5f637bfc086c61f826f9ae559d801cd8
	at java.base/jdk.internal.reflect.NativeConstructorAccessorImpl.newInstance0(Native Method)
	at java.base/jdk.internal.reflect.NativeConstructorAccessorImpl.newInstance(NativeConstructorAccessorImpl.java:77)
	at java.base/jdk.internal.reflect.DelegatingConstructorAccessorImpl.newInstance(DelegatingConstructorAccessorImpl.java:45)
	at java.base/java.lang.reflect.Constructor.newInstanceWithCaller(Constructor.java:499)
	at java.base/java.lang.reflect.Constructor.newInstance(Constructor.java:480)
	at org.openqa.selenium.remote.ErrorCodec.decode(ErrorCodec.java:167)
	at org.openqa.selenium.remote.codec.w3c.W3CHttpResponseCodec.decode(W3CHttpResponseCodec.java:138)
	at org.openqa.selenium.remote.codec.w3c.W3CHttpResponseCodec.decode(W3CHttpResponseCodec.java:50)
	at org.openqa.selenium.remote.HttpCommandExecutor.execute(HttpCommandExecutor.java:190)
	at org.openqa.selenium.remote.service.DriverCommandExecutor.invokeExecute(DriverCommandExecutor.java:216)
	at org.openqa.selenium.remote.service.DriverCommandExecutor.execute(DriverCommandExecutor.java:174)
	at org.openqa.selenium.remote.RemoteWebDriver.execute(RemoteWebDriver.java:527)
	at org.openqa.selenium.remote.ElementLocation$ElementFinder$2.findElement(ElementLocation.java:165)
	at org.openqa.selenium.remote.ElementLocation.findElement(ElementLocation.java:59)
	at org.openqa.selenium.remote.RemoteWebDriver.findElement(RemoteWebDriver.java:357)
	at org.openqa.selenium.remote.RemoteWebDriver.findElement(RemoteWebDriver.java:351)
	at step_deifinition.PageClass.clickChangePassBtn(PageClass.java:417)
	at step_deifinition.Step_Logout_ChangePassword.click_on_change_password_button(Step_Logout_ChangePassword.java:65)
	at ✽.click on change password button(file:///C:/Users/owner/new_eclipse_workspace/Nopcommerce/src/test/resources/nopcommerce_features/10logout_change_password.feature:10)
]]>
</failure>
<system-out><![CDATA[
Given change password page should open in default browser...................passed
When login to nopcommerce...................................................passed
And click on my account option..............................................passed
And click on change password................................................passed
And enter old password......................................................passed
And enter new password......................................................passed
And confirm password........................................................passed
And click on change password button.........................................failed
Then password changed successfully..........................................skipped
And click on logout button..................................................skipped
Then logged out of nopcommerce..............................................skipped
]]></system-out>
</testcase>
</testsuite>
