<?xml version="1.0" encoding="UTF-8"?>
<testsuite xmlns:xsi="http://www.w3.org/2001/XMLSchema-instance" xsi:noNamespaceSchemaLocation="https://maven.apache.org/surefire/maven-surefire-plugin/xsd/surefire-test-report-3.0.xsd" version="3.0" name="step_deifinition.TestRunner" time="818.917" tests="10" errors="2" skipped="0" failures="0">
  <properties>
[...]
</properties>
  <testcase name="Validate Registration" classname="Check user is able to register using correct details" time="116.788">
    <system-out><![CDATA[
&amp#27;[1mScenario:&amp#27;[22m Validate Registration                            &amp#27;[90m# file:///C:/Users/owner/new_eclipse_workspace/Nopcommerce/src/test/resources/nopcommerce_features/01register.feature:2&amp#27;[39m
  &amp#27;[32mâœ”&amp#27;[39m &amp#27;[32m&amp#27;[1mGiven &amp#27;[22mregistration page should open in default browser&amp#27;[39m &amp#27;[90m# step_deifinition.Step_Register.registration_page_should_open_in_default_browser()&amp#27;[39m
  &amp#27;[32mâœ”&amp#27;[39m &amp#27;[32m&amp#27;[1mWhen &amp#27;[22mclick on register button&amp#27;[39m                          &amp#27;[90m# step_deifinition.Step_Register.click_on_register_button()&amp#27;[39m
  &amp#27;[32mâœ”&amp#27;[39m &amp#27;[32m&amp#27;[1mAnd &amp#27;[22menter the details&amp#27;[39m                                  &amp#27;[90m# step_deifinition.Step_Register.enter_the_details()&amp#27;[39m
  &amp#27;[32mâœ”&amp#27;[39m &amp#27;[32m&amp#27;[1mAnd &amp#27;[22mcreate new password&amp#27;[39m                                &amp#27;[90m# step_deifinition.Step_Register.create_new_password()&amp#27;[39m
  &amp#27;[32mâœ”&amp#27;[39m &amp#27;[32m&amp#27;[1mAnd &amp#27;[22mclick on register&amp#27;[39m                                  &amp#27;[90m# step_deifinition.Step_Register.click_on_register()&amp#27;[39m
registration successful
  &amp#27;[32mâœ”&amp#27;[39m &amp#27;[32m&amp#27;[1mThen &amp#27;[22mopen home page&amp#27;[39m                                    &amp#27;[90m# step_deifinition.Step_Register.open_home_page()&amp#27;[39m
]]></system-out>
    <system-err><![CDATA[Sep 06, 2025 11:54:57 PM org.openqa.selenium.devtools.CdpVersionFinder findNearestMatch
WARNING: Unable to find CDP implementation matching 140
Sep 06, 2025 11:54:58 PM org.openqa.selenium.chromium.ChromiumDriver lambda$new$5
WARNING: Unable to find version of CDP to use for 140.0.7339.81. You may need to include a dependency on a specific version of the CDP using something similar to `org.seleniumhq.selenium:selenium-devtools-v86:4.23.0` where the version ("v86") matches the version of the chromium-based browser you're using and the version number of the artifact is the same as Selenium's.
]]></system-err>
  </testcase>
  <testcase name="Validate Login" classname="Check user is able to login with valid credentials" time="21.216">
    <system-out><![CDATA[
&amp#27;[1mScenario:&amp#27;[22m Validate Login                            &amp#27;[90m# file:///C:/Users/owner/new_eclipse_workspace/Nopcommerce/src/test/resources/nopcommerce_features/02login.feature:2&amp#27;[39m
  &amp#27;[32mâœ”&amp#27;[39m &amp#27;[32m&amp#27;[1mGiven &amp#27;[22mlogin page should open in default browser&amp#27;[39m &amp#27;[90m# step_deifinition.Step_Login.login_page_should_open_in_default_browser()&amp#27;[39m
  &amp#27;[32mâœ”&amp#27;[39m &amp#27;[32m&amp#27;[1mWhen &amp#27;[22mclick on login button&amp#27;[39m                      &amp#27;[90m# step_deifinition.Step_Login.click_on_login_button()&amp#27;[39m
  &amp#27;[32mâœ”&amp#27;[39m &amp#27;[32m&amp#27;[1mAnd &amp#27;[22menter the email address&amp#27;[39m                     &amp#27;[90m# step_deifinition.Step_Login.enter_the_email_address()&amp#27;[39m
  &amp#27;[32mâœ”&amp#27;[39m &amp#27;[32m&amp#27;[1mAnd &amp#27;[22menter password&amp#27;[39m                              &amp#27;[90m# step_deifinition.Step_Login.enter_password()&amp#27;[39m
  &amp#27;[32mâœ”&amp#27;[39m &amp#27;[32m&amp#27;[1mAnd &amp#27;[22mclick on login&amp#27;[39m                              &amp#27;[90m# step_deifinition.Step_Login.click_on_login()&amp#27;[39m
login successful
  &amp#27;[32mâœ”&amp#27;[39m &amp#27;[32m&amp#27;[1mThen &amp#27;[22mopen new webpage&amp#27;[39m                           &amp#27;[90m# step_deifinition.Step_Login.open_new_webpage()&amp#27;[39m
]]></system-out>
    <system-err><![CDATA[Sep 06, 2025 11:56:54 PM org.openqa.selenium.devtools.CdpVersionFinder findNearestMatch
WARNING: Unable to find CDP implementation matching 140
Sep 06, 2025 11:56:54 PM org.openqa.selenium.chromium.ChromiumDriver lambda$new$5
WARNING: Unable to find version of CDP to use for 140.0.7339.81. You may need to include a dependency on a specific version of the CDP using something similar to `org.seleniumhq.selenium:selenium-devtools-v86:4.23.0` where the version ("v86") matches the version of the chromium-based browser you're using and the version number of the artifact is the same as Selenium's.
]]></system-err>
  </testcase>
  <testcase name="Validate Search" classname="Check user is able to search products" time="72.39">
    <system-out><![CDATA[
&amp#27;[1mScenario:&amp#27;[22m Validate Search                            &amp#27;[90m# file:///C:/Users/owner/new_eclipse_workspace/Nopcommerce/src/test/resources/nopcommerce_features/03search.feature:2&amp#27;[39m
  &amp#27;[32mâœ”&amp#27;[39m &amp#27;[32m&amp#27;[1mGiven &amp#27;[22msearch page should open in default browser&amp#27;[39m &amp#27;[90m# step_deifinition.Step_Search.search_page_should_open_in_default_browser()&amp#27;[39m
  &amp#27;[32mâœ”&amp#27;[39m &amp#27;[32m&amp#27;[1mWhen &amp#27;[22menter product names in searchbox&amp#27;[39m            &amp#27;[90m# step_deifinition.Step_Search.enter_product_names_in_searchbox()&amp#27;[39m
Searched successfully
  &amp#27;[32mâœ”&amp#27;[39m &amp#27;[32m&amp#27;[1mThen &amp#27;[22mdisplay product lists&amp#27;[39m                       &amp#27;[90m# step_deifinition.Step_Search.display_product_lists()&amp#27;[39m
]]></system-out>
    <system-err><![CDATA[Sep 06, 2025 11:57:14 PM org.openqa.selenium.devtools.CdpVersionFinder findNearestMatch
WARNING: Unable to find CDP implementation matching 140
Sep 06, 2025 11:57:14 PM org.openqa.selenium.chromium.ChromiumDriver lambda$new$5
WARNING: Unable to find version of CDP to use for 140.0.7339.81. You may need to include a dependency on a specific version of the CDP using something similar to `org.seleniumhq.selenium:selenium-devtools-v86:4.23.0` where the version ("v86") matches the version of the chromium-based browser you're using and the version number of the artifact is the same as Selenium's.
]]></system-err>
  </testcase>
  <testcase name="Validate Add to cart" classname="Check user is able to add products to cart" time="17.337">
    <system-out><![CDATA[
&amp#27;[1mScenario:&amp#27;[22m Validate Add to cart                            &amp#27;[90m# file:///C:/Users/owner/new_eclipse_workspace/Nopcommerce/src/test/resources/nopcommerce_features/04add_to_cart.feature:2&amp#27;[39m
  &amp#27;[32mâœ”&amp#27;[39m &amp#27;[32m&amp#27;[1mGiven &amp#27;[22madd to cart page should open in default browser&amp#27;[39m &amp#27;[90m# step_deifinition.Step_AddToCart.add_to_cart_page_should_open_in_default_browser()&amp#27;[39m
  &amp#27;[32mâœ”&amp#27;[39m &amp#27;[32m&amp#27;[1mWhen &amp#27;[22msearch for a product&amp#27;[39m                             &amp#27;[90m# step_deifinition.Step_AddToCart.search_for_a_product()&amp#27;[39m
  &amp#27;[32mâœ”&amp#27;[39m &amp#27;[32m&amp#27;[1mAnd &amp#27;[22mclick on add to cart button&amp#27;[39m                       &amp#27;[90m# step_deifinition.Step_AddToCart.click_on_add_to_cart_button()&amp#27;[39m
  &amp#27;[32mâœ”&amp#27;[39m &amp#27;[32m&amp#27;[1mAnd &amp#27;[22mclick on shopping cart button&amp#27;[39m                     &amp#27;[90m# step_deifinition.Step_AddToCart.click_on_shopping_cart_button()&amp#27;[39m
Product added to cart successfully
  &amp#27;[32mâœ”&amp#27;[39m &amp#27;[32m&amp#27;[1mThen &amp#27;[22mshow the added product&amp#27;[39m                           &amp#27;[90m# step_deifinition.Step_AddToCart.show_the_added_product()&amp#27;[39m
]]></system-out>
    <system-err><![CDATA[Sep 06, 2025 11:58:25 PM org.openqa.selenium.devtools.CdpVersionFinder findNearestMatch
WARNING: Unable to find CDP implementation matching 140
Sep 06, 2025 11:58:25 PM org.openqa.selenium.chromium.ChromiumDriver lambda$new$5
WARNING: Unable to find version of CDP to use for 140.0.7339.81. You may need to include a dependency on a specific version of the CDP using something similar to `org.seleniumhq.selenium:selenium-devtools-v86:4.23.0` where the version ("v86") matches the version of the chromium-based browser you're using and the version number of the artifact is the same as Selenium's.
]]></system-err>
  </testcase>
  <testcase name="Validate delete from cart" classname="Check user is able to delete products from cart" time="184.448">
    <error message="java.util.concurrent.TimeoutException&#10;Build info: version: &apos;4.23.0&apos;, revision: &apos;4df0a231af&apos;&#10;System info: os.name: &apos;Windows 10&apos;, os.arch: &apos;amd64&apos;, os.version: &apos;10.0&apos;, java.version: &apos;17.0.12&apos;&#10;Driver info: org.openqa.selenium.chrome.ChromeDriver&#10;Command: [867cd3abf4485125b5ded2751fe7efd7, get {url=https://demo.nopcommerce.com/}]&#10;Capabilities {acceptInsecureCerts: false, browserName: chrome, browserVersion: 140.0.7339.81, chrome: {chromedriverVersion: 140.0.7339.80 (670b6f192f46..., userDataDir: C:\Users\owner\AppData\Loca...}, fedcm:accounts: true, goog:chromeOptions: {debuggerAddress: localhost:52949}, networkConnectionEnabled: false, pageLoadStrategy: normal, platformName: windows, proxy: Proxy(), se:cdp: ws://localhost:52949/devtoo..., se:cdpVersion: 140.0.7339.81, setWindowRect: true, strictFileInteractability: false, timeouts: {implicit: 0, pageLoad: 300000, script: 30000}, unhandledPromptBehavior: dismiss and notify, webauthn:extension:credBlob: true, webauthn:extension:largeBlob: true, webauthn:extension:minPinLength: true, webauthn:extension:prf: true, webauthn:virtualAuthenticators: true}&#10;Session ID: 867cd3abf4485125b5ded2751fe7efd7" type="org.openqa.selenium.TimeoutException"><![CDATA[org.openqa.selenium.TimeoutException: 
java.util.concurrent.TimeoutException
Build info: version: '4.23.0', revision: '4df0a231af'
System info: os.name: 'Windows 10', os.arch: 'amd64', os.version: '10.0', java.version: '17.0.12'
Driver info: org.openqa.selenium.chrome.ChromeDriver
Command: [867cd3abf4485125b5ded2751fe7efd7, get {url=https://demo.nopcommerce.com/}]
Capabilities {acceptInsecureCerts: false, browserName: chrome, browserVersion: 140.0.7339.81, chrome: {chromedriverVersion: 140.0.7339.80 (670b6f192f46..., userDataDir: C:\Users\owner\AppData\Loca...}, fedcm:accounts: true, goog:chromeOptions: {debuggerAddress: localhost:52949}, networkConnectionEnabled: false, pageLoadStrategy: normal, platformName: windows, proxy: Proxy(), se:cdp: ws://localhost:52949/devtoo..., se:cdpVersion: 140.0.7339.81, setWindowRect: true, strictFileInteractability: false, timeouts: {implicit: 0, pageLoad: 300000, script: 30000}, unhandledPromptBehavior: dismiss and notify, webauthn:extension:credBlob: true, webauthn:extension:largeBlob: true, webauthn:extension:minPinLength: true, webauthn:extension:prf: true, webauthn:virtualAuthenticators: true}
Session ID: 867cd3abf4485125b5ded2751fe7efd7
	at org.openqa.selenium.remote.http.jdk.JdkHttpClient.execute0(JdkHttpClient.java:399)
	at org.openqa.selenium.remote.http.AddSeleniumUserAgent.lambda$apply$0(AddSeleniumUserAgent.java:42)
	at org.openqa.selenium.remote.http.Filter.lambda$andFinally$1(Filter.java:55)
	at org.openqa.selenium.remote.http.jdk.JdkHttpClient.execute(JdkHttpClient.java:355)
	at org.openqa.selenium.remote.HttpCommandExecutor.execute(HttpCommandExecutor.java:187)
	at org.openqa.selenium.remote.service.DriverCommandExecutor.invokeExecute(DriverCommandExecutor.java:216)
	at org.openqa.selenium.remote.service.DriverCommandExecutor.execute(DriverCommandExecutor.java:174)
	at org.openqa.selenium.remote.RemoteWebDriver.execute(RemoteWebDriver.java:527)
	at org.openqa.selenium.remote.RemoteWebDriver.get(RemoteWebDriver.java:302)
	at step_deifinition.Step_DeleteFromCart.delete_from_cart_page_should_open_in_default_browser(Step_DeleteFromCart.java:18)
	at ✽.delete from cart page should open in default browser(file:///C:/Users/owner/new_eclipse_workspace/Nopcommerce/src/test/resources/nopcommerce_features/05delete_from_cart.feature:3)
Caused by: java.util.concurrent.TimeoutException
	at java.base/java.util.concurrent.CompletableFuture.timedGet(CompletableFuture.java:1960)
	at java.base/java.util.concurrent.CompletableFuture.get(CompletableFuture.java:2095)
	at org.openqa.selenium.remote.http.jdk.JdkHttpClient.execute0(JdkHttpClient.java:382)
	... 10 more
]]></error>
    <system-out><![CDATA[
&amp#27;[1mScenario:&amp#27;[22m Validate delete from cart                            &amp#27;[90m# file:///C:/Users/owner/new_eclipse_workspace/Nopcommerce/src/test/resources/nopcommerce_features/05delete_from_cart.feature:2&amp#27;[39m
  &amp#27;[31mâœ˜&amp#27;[39m &amp#27;[31m&amp#27;[1mGiven &amp#27;[22mdelete from cart page should open in default browser&amp#27;[39m &amp#27;[90m# step_deifinition.Step_DeleteFromCart.delete_from_cart_page_should_open_in_default_browser()&amp#27;[39m
        &amp#27;[31morg.openqa.selenium.TimeoutException: java.util.concurrent.TimeoutException&amp#27;[39m
        &amp#27;[31mBuild info: version: '4.23.0', revision: '4df0a231af'&amp#27;[39m
        &amp#27;[31mSystem info: os.name: 'Windows 10', os.arch: 'amd64', os.version: '10.0', java.version: '17.0.12'&amp#27;[39m
        &amp#27;[31mDriver info: org.openqa.selenium.chrome.ChromeDriver&amp#27;[39m
        &amp#27;[31mCommand: [867cd3abf4485125b5ded2751fe7efd7, get {url=https://demo.nopcommerce.com/}]&amp#27;[39m
        &amp#27;[31mCapabilities {acceptInsecureCerts: false, browserName: chrome, browserVersion: 140.0.7339.81, chrome: {chromedriverVersion: 140.0.7339.80 (670b6f192f46..., userDataDir: C:\Users\owner\AppData\Loca...}, fedcm:accounts: true, goog:chromeOptions: {debuggerAddress: localhost:52949}, networkConnectionEnabled: false, pageLoadStrategy: normal, platformName: windows, proxy: Proxy(), se:cdp: ws://localhost:52949/devtoo..., se:cdpVersion: 140.0.7339.81, setWindowRect: true, strictFileInteractability: false, timeouts: {implicit: 0, pageLoad: 300000, script: 30000}, unhandledPromptBehavior: dismiss and notify, webauthn:extension:credBlob: true, webauthn:extension:largeBlob: true, webauthn:extension:minPinLength: true, webauthn:extension:prf: true, webauthn:virtualAuthenticators: true}&amp#27;[39m
        &amp#27;[31mSession ID: 867cd3abf4485125b5ded2751fe7efd7&amp#27;[39m
        &amp#27;[31m	at org.openqa.selenium.remote.http.jdk.JdkHttpClient.execute0(JdkHttpClient.java:399)&amp#27;[39m
        &amp#27;[31m	at org.openqa.selenium.remote.http.AddSeleniumUserAgent.lambda$apply$0(AddSeleniumUserAgent.java:42)&amp#27;[39m
        &amp#27;[31m	at org.openqa.selenium.remote.http.Filter.lambda$andFinally$1(Filter.java:55)&amp#27;[39m
        &amp#27;[31m	at org.openqa.selenium.remote.http.jdk.JdkHttpClient.execute(JdkHttpClient.java:355)&amp#27;[39m
        &amp#27;[31m	at org.openqa.selenium.remote.HttpCommandExecutor.execute(HttpCommandExecutor.java:187)&amp#27;[39m
        &amp#27;[31m	at org.openqa.selenium.remote.service.DriverCommandExecutor.invokeExecute(DriverCommandExecutor.java:216)&amp#27;[39m
        &amp#27;[31m	at org.openqa.selenium.remote.service.DriverCommandExecutor.execute(DriverCommandExecutor.java:174)&amp#27;[39m
        &amp#27;[31m	at org.openqa.selenium.remote.RemoteWebDriver.execute(RemoteWebDriver.java:527)&amp#27;[39m
        &amp#27;[31m	at org.openqa.selenium.remote.RemoteWebDriver.get(RemoteWebDriver.java:302)&amp#27;[39m
        &amp#27;[31m	at step_deifinition.Step_DeleteFromCart.delete_from_cart_page_should_open_in_default_browser(Step_DeleteFromCart.java:18)&amp#27;[39m
        &amp#27;[31m	at âœ½.delete from cart page should open in default browser(file:///C:/Users/owner/new_eclipse_workspace/Nopcommerce/src/test/resources/nopcommerce_features/05delete_from_cart.feature:3)&amp#27;[39m
        &amp#27;[31mCaused by: java.util.concurrent.TimeoutException&amp#27;[39m
        &amp#27;[31m	at java.base/java.util.concurrent.CompletableFuture.timedGet(CompletableFuture.java:1960)&amp#27;[39m
        &amp#27;[31m	at java.base/java.util.concurrent.CompletableFuture.get(CompletableFuture.java:2095)&amp#27;[39m
        &amp#27;[31m	at org.openqa.selenium.remote.http.jdk.JdkHttpClient.execute0(JdkHttpClient.java:382)&amp#27;[39m
        &amp#27;[31m	... 10 more&amp#27;[39m
  &amp#27;[36mâ†·&amp#27;[39m &amp#27;[36m&amp#27;[1mWhen &amp#27;[22mAdd the product to cart&amp#27;[39m                               &amp#27;[90m# step_deifinition.Step_DeleteFromCart.Add_the_product_to_cart()&amp#27;[39m
  &amp#27;[36mâ†·&amp#27;[39m &amp#27;[36m&amp#27;[1mAnd &amp#27;[22mClick on shopping cart&amp#27;[39m                                 &amp#27;[90m# step_deifinition.Step_DeleteFromCart.click_on_shopping_cart()&amp#27;[39m
  &amp#27;[36mâ†·&amp#27;[39m &amp#27;[36m&amp#27;[1mAnd &amp#27;[22mclick on remove button&amp#27;[39m                                 &amp#27;[90m# step_deifinition.Step_DeleteFromCart.click_on_remove_button()&amp#27;[39m
  &amp#27;[36mâ†·&amp#27;[39m &amp#27;[36m&amp#27;[1mThen &amp#27;[22mproduct deleted successfully&amp#27;[39m                          &amp#27;[90m# step_deifinition.Step_DeleteFromCart.product_deleted_successfully()&amp#27;[39m
]]></system-out>
    <system-err><![CDATA[Sep 06, 2025 11:58:46 PM org.openqa.selenium.devtools.CdpVersionFinder findNearestMatch
WARNING: Unable to find CDP implementation matching 140
Sep 06, 2025 11:58:46 PM org.openqa.selenium.chromium.ChromiumDriver lambda$new$5
WARNING: Unable to find version of CDP to use for 140.0.7339.81. You may need to include a dependency on a specific version of the CDP using something similar to `org.seleniumhq.selenium:selenium-devtools-v86:4.23.0` where the version ("v86") matches the version of the chromium-based browser you're using and the version number of the artifact is the same as Selenium's.
]]></system-err>
  </testcase>
  <testcase name="Validate Currency selection" classname="Check user is able to change the currency" time="90.085">
    <system-out><![CDATA[
&amp#27;[1mScenario:&amp#27;[22m Validate Currency selection                &amp#27;[90m# file:///C:/Users/owner/new_eclipse_workspace/Nopcommerce/src/test/resources/nopcommerce_features/06currency.feature:2&amp#27;[39m
  &amp#27;[32mâœ”&amp#27;[39m &amp#27;[32m&amp#27;[1mGiven &amp#27;[22mHome page should open in default browser&amp#27;[39m   &amp#27;[90m# step_deifinition.Step_ChangeCurrency.home_page_should_open_in_default_browser()&amp#27;[39m
  &amp#27;[32mâœ”&amp#27;[39m &amp#27;[32m&amp#27;[1mWhen &amp#27;[22mclick on currency dropdown&amp#27;[39m                  &amp#27;[90m# step_deifinition.Step_ChangeCurrency.click_on_currency_dropdown()&amp#27;[39m
  &amp#27;[32mâœ”&amp#27;[39m &amp#27;[32m&amp#27;[1mAnd &amp#27;[22mclick on the euro option&amp#27;[39m                     &amp#27;[90m# step_deifinition.Step_ChangeCurrency.click_on_the_euro_option()&amp#27;[39m
Cuurencyy changed to euro
  &amp#27;[32mâœ”&amp#27;[39m &amp#27;[32m&amp#27;[1mThen &amp#27;[22mchange the currency of all products to euro&amp#27;[39m &amp#27;[90m# step_deifinition.Step_ChangeCurrency.change_the_currency_of_all_products_to_euro()&amp#27;[39m
]]></system-out>
    <system-err><![CDATA[Sep 07, 2025 12:01:49 AM org.openqa.selenium.devtools.CdpVersionFinder findNearestMatch
WARNING: Unable to find CDP implementation matching 140
Sep 07, 2025 12:01:49 AM org.openqa.selenium.chromium.ChromiumDriver lambda$new$5
WARNING: Unable to find version of CDP to use for 140.0.7339.81. You may need to include a dependency on a specific version of the CDP using something similar to `org.seleniumhq.selenium:selenium-devtools-v86:4.23.0` where the version ("v86") matches the version of the chromium-based browser you're using and the version number of the artifact is the same as Selenium's.
]]></system-err>
  </testcase>
  <testcase name="Validate add to wishlist function" classname="Check user is able to add product to wishlist" time="49.341">
    <system-out><![CDATA[
&amp#27;[1mScenario:&amp#27;[22m Validate add to wishlist function           &amp#27;[90m# file:///C:/Users/owner/new_eclipse_workspace/Nopcommerce/src/test/resources/nopcommerce_features/07add_to_wishlist.feature:2&amp#27;[39m
  &amp#27;[32mâœ”&amp#27;[39m &amp#27;[32m&amp#27;[1mGiven &amp#27;[22mproduct page should open in default browser&amp#27;[39m &amp#27;[90m# step_deifinition.Step_AddToWishlist.product_page_should_open_in_default_browser()&amp#27;[39m
  &amp#27;[32mâœ”&amp#27;[39m &amp#27;[32m&amp#27;[1mWhen &amp#27;[22msearch a product&amp#27;[39m                             &amp#27;[90m# step_deifinition.Step_AddToWishlist.search_a_product()&amp#27;[39m
  &amp#27;[32mâœ”&amp#27;[39m &amp#27;[32m&amp#27;[1mAnd &amp#27;[22mclick on the add to wishlist icon&amp#27;[39m             &amp#27;[90m# step_deifinition.Step_AddToWishlist.click_on_the_add_to_wishlist_icon()&amp#27;[39m
  &amp#27;[32mâœ”&amp#27;[39m &amp#27;[32m&amp#27;[1mAnd &amp#27;[22mclick on Wishlist option&amp#27;[39m                      &amp#27;[90m# step_deifinition.Step_AddToWishlist.click_on_wishlist_option()&amp#27;[39m
Added to wishlist...
  &amp#27;[32mâœ”&amp#27;[39m &amp#27;[32m&amp#27;[1mThen &amp#27;[22mdisplay products in the wishlist&amp#27;[39m             &amp#27;[90m# step_deifinition.Step_AddToWishlist.display_products_in_the_wishlist()&amp#27;[39m
]]></system-out>
    <system-err><![CDATA[Sep 07, 2025 12:03:18 AM org.openqa.selenium.devtools.CdpVersionFinder findNearestMatch
WARNING: Unable to find CDP implementation matching 140
Sep 07, 2025 12:03:18 AM org.openqa.selenium.chromium.ChromiumDriver lambda$new$5
WARNING: Unable to find version of CDP to use for 140.0.7339.81. You may need to include a dependency on a specific version of the CDP using something similar to `org.seleniumhq.selenium:selenium-devtools-v86:4.23.0` where the version ("v86") matches the version of the chromium-based browser you're using and the version number of the artifact is the same as Selenium's.
]]></system-err>
  </testcase>
  <testcase name="Validate Social media" classname="Check user is able to open social media pages of nopcommerce" time="87.138">
    <system-out><![CDATA[
&amp#27;[1mScenario:&amp#27;[22m Validate Social media                            &amp#27;[90m# file:///C:/Users/owner/new_eclipse_workspace/Nopcommerce/src/test/resources/nopcommerce_features/08social_media.feature:2&amp#27;[39m
  &amp#27;[32mâœ”&amp#27;[39m &amp#27;[32m&amp#27;[1mGiven &amp#27;[22mSocial media page should open in default browser&amp#27;[39m &amp#27;[90m# step_deifinition.Step_SocialMedia.social_media_page_should_open_in_default_browser()&amp#27;[39m
  &amp#27;[32mâœ”&amp#27;[39m &amp#27;[32m&amp#27;[1mWhen &amp#27;[22mscroll to the footer section&amp#27;[39m                      &amp#27;[90m# step_deifinition.Step_SocialMedia.scroll_to_the_footer_section()&amp#27;[39m
  &amp#27;[32mâœ”&amp#27;[39m &amp#27;[32m&amp#27;[1mAnd &amp#27;[22mclick on facebook icon&amp#27;[39m                             &amp#27;[90m# step_deifinition.Step_SocialMedia.click_on_facebook_icon()&amp#27;[39m
Facebook page opened..
  &amp#27;[32mâœ”&amp#27;[39m &amp#27;[32m&amp#27;[1mThen &amp#27;[22mopen facebook page of nopcommerce&amp#27;[39m                 &amp#27;[90m# step_deifinition.Step_SocialMedia.open_facebook_page_of_nopcommerce()&amp#27;[39m
  &amp#27;[32mâœ”&amp#27;[39m &amp#27;[32m&amp#27;[1mAnd &amp#27;[22mclick on x icon&amp#27;[39m                                    &amp#27;[90m# step_deifinition.Step_SocialMedia.click_on_x_icon()&amp#27;[39m
X page opened..
  &amp#27;[32mâœ”&amp#27;[39m &amp#27;[32m&amp#27;[1mThen &amp#27;[22mopen x page of nopcommerce&amp#27;[39m                        &amp#27;[90m# step_deifinition.Step_SocialMedia.open_x_page_of_nopcommerce()&amp#27;[39m
  &amp#27;[32mâœ”&amp#27;[39m &amp#27;[32m&amp#27;[1mAnd &amp#27;[22mclick on instagram icon&amp#27;[39m                            &amp#27;[90m# step_deifinition.Step_SocialMedia.click_on_instagram_icon()&amp#27;[39m
Instagram page opened..
  &amp#27;[32mâœ”&amp#27;[39m &amp#27;[32m&amp#27;[1mThen &amp#27;[22mopen instagram page of nopcommerce&amp#27;[39m                &amp#27;[90m# step_deifinition.Step_SocialMedia.open_instagram_page_of_nopcommerce()&amp#27;[39m
  &amp#27;[32mâœ”&amp#27;[39m &amp#27;[32m&amp#27;[1mAnd &amp#27;[22mclick on youtube icon&amp#27;[39m                              &amp#27;[90m# step_deifinition.Step_SocialMedia.click_on_youtube_icon()&amp#27;[39m
Youtube page opened..
  &amp#27;[32mâœ”&amp#27;[39m &amp#27;[32m&amp#27;[1mThen &amp#27;[22mopen youtube page of nopcommerce&amp#27;[39m                  &amp#27;[90m# step_deifinition.Step_SocialMedia.open_youtube_page_of_nopcommerce()&amp#27;[39m
]]></system-out>
    <system-err><![CDATA[Sep 07, 2025 12:04:09 AM org.openqa.selenium.devtools.CdpVersionFinder findNearestMatch
WARNING: Unable to find CDP implementation matching 140
Sep 07, 2025 12:04:09 AM org.openqa.selenium.chromium.ChromiumDriver lambda$new$5
WARNING: Unable to find version of CDP to use for 140.0.7339.81. You may need to include a dependency on a specific version of the CDP using something similar to `org.seleniumhq.selenium:selenium-devtools-v86:4.23.0` where the version ("v86") matches the version of the chromium-based browser you're using and the version number of the artifact is the same as Selenium's.
]]></system-err>
  </testcase>
  <testcase name="Validate Update Address" classname="Check user is able to add new address" time="141.29">
    <system-out><![CDATA[
&amp#27;[1mScenario:&amp#27;[22m Validate Update Address                     &amp#27;[90m# file:///C:/Users/owner/new_eclipse_workspace/Nopcommerce/src/test/resources/nopcommerce_features/09add_address.feature:2&amp#27;[39m
  &amp#27;[32mâœ”&amp#27;[39m &amp#27;[32m&amp#27;[1mGiven &amp#27;[22maddress page should open in default browser&amp#27;[39m &amp#27;[90m# step_deifinition.Step_AddAddress.address_page_should_open_in_default_browser()&amp#27;[39m
  &amp#27;[32mâœ”&amp#27;[39m &amp#27;[32m&amp#27;[1mWhen &amp#27;[22mlog in to nopcommerce website&amp#27;[39m                &amp#27;[90m# step_deifinition.Step_AddAddress.log_in_to_nopcommerce_website()&amp#27;[39m
  &amp#27;[32mâœ”&amp#27;[39m &amp#27;[32m&amp#27;[1mAnd &amp#27;[22mclick on my account button&amp#27;[39m                    &amp#27;[90m# step_deifinition.Step_AddAddress.click_on_my_account_button()&amp#27;[39m
  &amp#27;[32mâœ”&amp#27;[39m &amp#27;[32m&amp#27;[1mAnd &amp#27;[22mclick on addresses button&amp#27;[39m                     &amp#27;[90m# step_deifinition.Step_AddAddress.click_on_addresses_button()&amp#27;[39m
  &amp#27;[32mâœ”&amp#27;[39m &amp#27;[32m&amp#27;[1mAnd &amp#27;[22mclick on add new button&amp#27;[39m                       &amp#27;[90m# step_deifinition.Step_AddAddress.click_on_add_new_button()&amp#27;[39m
  &amp#27;[32mâœ”&amp#27;[39m &amp#27;[32m&amp#27;[1mAnd &amp#27;[22menter first name&amp#27;[39m                              &amp#27;[90m# step_deifinition.Step_AddAddress.enter_first_name()&amp#27;[39m
  &amp#27;[32mâœ”&amp#27;[39m &amp#27;[32m&amp#27;[1mAnd &amp#27;[22menter last name&amp#27;[39m                               &amp#27;[90m# step_deifinition.Step_AddAddress.enter_last_name()&amp#27;[39m
  &amp#27;[32mâœ”&amp#27;[39m &amp#27;[32m&amp#27;[1mAnd &amp#27;[22menter email address&amp#27;[39m                           &amp#27;[90m# step_deifinition.Step_AddAddress.enter_email_address()&amp#27;[39m
  &amp#27;[32mâœ”&amp#27;[39m &amp#27;[32m&amp#27;[1mAnd &amp#27;[22menter company&amp#27;[39m                                 &amp#27;[90m# step_deifinition.Step_AddAddress.enter_company()&amp#27;[39m
  &amp#27;[32mâœ”&amp#27;[39m &amp#27;[32m&amp#27;[1mAnd &amp#27;[22mselect country from dropdown&amp#27;[39m                  &amp#27;[90m# step_deifinition.Step_AddAddress.select_country_from_dropdown()&amp#27;[39m
  &amp#27;[32mâœ”&amp#27;[39m &amp#27;[32m&amp#27;[1mAnd &amp#27;[22mselect state from dropdown&amp#27;[39m                    &amp#27;[90m# step_deifinition.Step_AddAddress.select_state_from_dropdown()&amp#27;[39m
  &amp#27;[32mâœ”&amp#27;[39m &amp#27;[32m&amp#27;[1mAnd &amp#27;[22menter city&amp#27;[39m                                    &amp#27;[90m# step_deifinition.Step_AddAddress.enter_city()&amp#27;[39m
  &amp#27;[32mâœ”&amp#27;[39m &amp#27;[32m&amp#27;[1mAnd &amp#27;[22menter address line one&amp#27;[39m                        &amp#27;[90m# step_deifinition.Step_AddAddress.enter_address_line_one()&amp#27;[39m
  &amp#27;[32mâœ”&amp#27;[39m &amp#27;[32m&amp#27;[1mAnd &amp#27;[22menter address line two&amp#27;[39m                        &amp#27;[90m# step_deifinition.Step_AddAddress.enter_address_line_two()&amp#27;[39m
  &amp#27;[32mâœ”&amp#27;[39m &amp#27;[32m&amp#27;[1mAnd &amp#27;[22menter pincode&amp#27;[39m                                 &amp#27;[90m# step_deifinition.Step_AddAddress.enter_pincode()&amp#27;[39m
  &amp#27;[32mâœ”&amp#27;[39m &amp#27;[32m&amp#27;[1mAnd &amp#27;[22menter phone number&amp#27;[39m                            &amp#27;[90m# step_deifinition.Step_AddAddress.enter_phone_number()&amp#27;[39m
  &amp#27;[32mâœ”&amp#27;[39m &amp#27;[32m&amp#27;[1mAnd &amp#27;[22mclick on save button&amp#27;[39m                          &amp#27;[90m# step_deifinition.Step_AddAddress.click_on_save_button()&amp#27;[39m
New address added
  &amp#27;[32mâœ”&amp#27;[39m &amp#27;[32m&amp#27;[1mThen &amp#27;[22mnew address added successfully&amp#27;[39m               &amp#27;[90m# step_deifinition.Step_AddAddress.new_address_added_successfully()&amp#27;[39m
]]></system-out>
    <system-err><![CDATA[Sep 07, 2025 12:05:34 AM org.openqa.selenium.devtools.CdpVersionFinder findNearestMatch
WARNING: Unable to find CDP implementation matching 140
Sep 07, 2025 12:05:34 AM org.openqa.selenium.chromium.ChromiumDriver lambda$new$5
WARNING: Unable to find version of CDP to use for 140.0.7339.81. You may need to include a dependency on a specific version of the CDP using something similar to `org.seleniumhq.selenium:selenium-devtools-v86:4.23.0` where the version ("v86") matches the version of the chromium-based browser you're using and the version number of the artifact is the same as Selenium's.
]]></system-err>
  </testcase>
  <testcase name="Validate change password and logout functionality" classname="Check user is able to change password and logout" time="37.064">
    <error message="no such element: Unable to locate element: {&quot;method&quot;:&quot;xpath&quot;,&quot;selector&quot;:&quot;//*[@id=&quot;bar-notification&quot;]/div/span&quot;}&#10;  (Session info: chrome=140.0.7339.81)&#10;For documentation on this error, please visit: https://www.selenium.dev/documentation/webdriver/troubleshooting/errors#no-such-element-exception&#10;Build info: version: &apos;4.23.0&apos;, revision: &apos;4df0a231af&apos;&#10;System info: os.name: &apos;Windows 10&apos;, os.arch: &apos;amd64&apos;, os.version: &apos;10.0&apos;, java.version: &apos;17.0.12&apos;&#10;Driver info: org.openqa.selenium.chrome.ChromeDriver&#10;Command: [5f637bfc086c61f826f9ae559d801cd8, findElement {value=//*[@id=&quot;bar-notification&quot;]/div/span, using=xpath}]&#10;Capabilities {acceptInsecureCerts: false, browserName: chrome, browserVersion: 140.0.7339.81, chrome: {chromedriverVersion: 140.0.7339.80 (670b6f192f46..., userDataDir: C:\Users\owner\AppData\Loca...}, fedcm:accounts: true, goog:chromeOptions: {debuggerAddress: localhost:53119}, networkConnectionEnabled: false, pageLoadStrategy: normal, platformName: windows, proxy: Proxy(), se:cdp: ws://localhost:53119/devtoo..., se:cdpVersion: 140.0.7339.81, setWindowRect: true, strictFileInteractability: false, timeouts: {implicit: 0, pageLoad: 300000, script: 30000}, unhandledPromptBehavior: dismiss and notify, webauthn:extension:credBlob: true, webauthn:extension:largeBlob: true, webauthn:extension:minPinLength: true, webauthn:extension:prf: true, webauthn:virtualAuthenticators: true}&#10;Session ID: 5f637bfc086c61f826f9ae559d801cd8" type="org.openqa.selenium.NoSuchElementException"><![CDATA[org.openqa.selenium.NoSuchElementException: 
no such element: Unable to locate element: {"method":"xpath","selector":"//*[@id="bar-notification"]/div/span"}
  (Session info: chrome=140.0.7339.81)
For documentation on this error, please visit: https://www.selenium.dev/documentation/webdriver/troubleshooting/errors#no-such-element-exception
Build info: version: '4.23.0', revision: '4df0a231af'
System info: os.name: 'Windows 10', os.arch: 'amd64', os.version: '10.0', java.version: '17.0.12'
Driver info: org.openqa.selenium.chrome.ChromeDriver
Command: [5f637bfc086c61f826f9ae559d801cd8, findElement {value=//*[@id="bar-notification"]/div/span, using=xpath}]
Capabilities {acceptInsecureCerts: false, browserName: chrome, browserVersion: 140.0.7339.81, chrome: {chromedriverVersion: 140.0.7339.80 (670b6f192f46..., userDataDir: C:\Users\owner\AppData\Loca...}, fedcm:accounts: true, goog:chromeOptions: {debuggerAddress: localhost:53119}, networkConnectionEnabled: false, pageLoadStrategy: normal, platformName: windows, proxy: Proxy(), se:cdp: ws://localhost:53119/devtoo..., se:cdpVersion: 140.0.7339.81, setWindowRect: true, strictFileInteractability: false, timeouts: {implicit: 0, pageLoad: 300000, script: 30000}, unhandledPromptBehavior: dismiss and notify, webauthn:extension:credBlob: true, webauthn:extension:largeBlob: true, webauthn:extension:minPinLength: true, webauthn:extension:prf: true, webauthn:virtualAuthenticators: true}
Session ID: 5f637bfc086c61f826f9ae559d801cd8
	at java.base/jdk.internal.reflect.NativeConstructorAccessorImpl.newInstance0(Native Method)
	at java.base/jdk.internal.reflect.NativeConstructorAccessorImpl.newInstance(NativeConstructorAccessorImpl.java:77)
	at java.base/jdk.internal.reflect.DelegatingConstructorAccessorImpl.newInstance(DelegatingConstructorAccessorImpl.java:45)
	at java.base/java.lang.reflect.Constructor.newInstanceWithCaller(Constructor.java:499)
	at java.base/java.lang.reflect.Constructor.newInstance(Constructor.java:480)
	at org.openqa.selenium.remote.ErrorCodec.decode(ErrorCodec.java:167)
	at org.openqa.selenium.remote.codec.w3c.W3CHttpResponseCodec.decode(W3CHttpResponseCodec.java:138)
	at org.openqa.selenium.remote.codec.w3c.W3CHttpResponseCodec.decode(W3CHttpResponseCodec.java:50)
	at org.openqa.selenium.remote.HttpCommandExecutor.execute(HttpCommandExecutor.java:190)
	at org.openqa.selenium.remote.service.DriverCommandExecutor.invokeExecute(DriverCommandExecutor.java:216)
	at org.openqa.selenium.remote.service.DriverCommandExecutor.execute(DriverCommandExecutor.java:174)
	at org.openqa.selenium.remote.RemoteWebDriver.execute(RemoteWebDriver.java:527)
	at org.openqa.selenium.remote.ElementLocation$ElementFinder$2.findElement(ElementLocation.java:165)
	at org.openqa.selenium.remote.ElementLocation.findElement(ElementLocation.java:59)
	at org.openqa.selenium.remote.RemoteWebDriver.findElement(RemoteWebDriver.java:357)
	at org.openqa.selenium.remote.RemoteWebDriver.findElement(RemoteWebDriver.java:351)
	at step_deifinition.PageClass.clickChangePassBtn(PageClass.java:417)
	at step_deifinition.Step_Logout_ChangePassword.click_on_change_password_button(Step_Logout_ChangePassword.java:65)
	at ✽.click on change password button(file:///C:/Users/owner/new_eclipse_workspace/Nopcommerce/src/test/resources/nopcommerce_features/10logout_change_password.feature:10)
]]></error>
    <system-out><![CDATA[
&amp#27;[1mScenario:&amp#27;[22m Validate change password and logout functionality   &amp#27;[90m# file:///C:/Users/owner/new_eclipse_workspace/Nopcommerce/src/test/resources/nopcommerce_features/10logout_change_password.feature:2&amp#27;[39m
  &amp#27;[32mâœ”&amp#27;[39m &amp#27;[32m&amp#27;[1mGiven &amp#27;[22mchange password page should open in default browser&amp#27;[39m &amp#27;[90m# step_deifinition.Step_Logout_ChangePassword.change_password_page_should_open_in_default_browser()&amp#27;[39m
  &amp#27;[32mâœ”&amp#27;[39m &amp#27;[32m&amp#27;[1mWhen &amp#27;[22mlogin to nopcommerce&amp#27;[39m                                 &amp#27;[90m# step_deifinition.Step_Logout_ChangePassword.login_to_nopcommerce()&amp#27;[39m
  &amp#27;[32mâœ”&amp#27;[39m &amp#27;[32m&amp#27;[1mAnd &amp#27;[22mclick on my account option&amp#27;[39m                            &amp#27;[90m# step_deifinition.Step_Logout_ChangePassword.click_on_my_account_option()&amp#27;[39m
  &amp#27;[32mâœ”&amp#27;[39m &amp#27;[32m&amp#27;[1mAnd &amp#27;[22mclick on change password&amp#27;[39m                              &amp#27;[90m# step_deifinition.Step_Logout_ChangePassword.click_on_change_password()&amp#27;[39m
  &amp#27;[32mâœ”&amp#27;[39m &amp#27;[32m&amp#27;[1mAnd &amp#27;[22menter old password&amp#27;[39m                                    &amp#27;[90m# step_deifinition.Step_Logout_ChangePassword.enter_old_password()&amp#27;[39m
  &amp#27;[32mâœ”&amp#27;[39m &amp#27;[32m&amp#27;[1mAnd &amp#27;[22menter new password&amp#27;[39m                                    &amp#27;[90m# step_deifinition.Step_Logout_ChangePassword.enter_new_password()&amp#27;[39m
  &amp#27;[32mâœ”&amp#27;[39m &amp#27;[32m&amp#27;[1mAnd &amp#27;[22mconfirm password&amp#27;[39m                                      &amp#27;[90m# step_deifinition.Step_Logout_ChangePassword.confirm_password()&amp#27;[39m
  &amp#27;[31mâœ˜&amp#27;[39m &amp#27;[31m&amp#27;[1mAnd &amp#27;[22mclick on change password button&amp#27;[39m                       &amp#27;[90m# step_deifinition.Step_Logout_ChangePassword.click_on_change_password_button()&amp#27;[39m
        &amp#27;[31morg.openqa.selenium.NoSuchElementException: no such element: Unable to locate element: {"method":"xpath","selector":"//*[@id="bar-notification"]/div/span"}&amp#27;[39m
        &amp#27;[31m  (Session info: chrome=140.0.7339.81)&amp#27;[39m
        &amp#27;[31mFor documentation on this error, please visit: https://www.selenium.dev/documentation/webdriver/troubleshooting/errors#no-such-element-exception&amp#27;[39m
        &amp#27;[31mBuild info: version: '4.23.0', revision: '4df0a231af'&amp#27;[39m
        &amp#27;[31mSystem info: os.name: 'Windows 10', os.arch: 'amd64', os.version: '10.0', java.version: '17.0.12'&amp#27;[39m
        &amp#27;[31mDriver info: org.openqa.selenium.chrome.ChromeDriver&amp#27;[39m
        &amp#27;[31mCommand: [5f637bfc086c61f826f9ae559d801cd8, findElement {value=//*[@id="bar-notification"]/div/span, using=xpath}]&amp#27;[39m
        &amp#27;[31mCapabilities {acceptInsecureCerts: false, browserName: chrome, browserVersion: 140.0.7339.81, chrome: {chromedriverVersion: 140.0.7339.80 (670b6f192f46..., userDataDir: C:\Users\owner\AppData\Loca...}, fedcm:accounts: true, goog:chromeOptions: {debuggerAddress: localhost:53119}, networkConnectionEnabled: false, pageLoadStrategy: normal, platformName: windows, proxy: Proxy(), se:cdp: ws://localhost:53119/devtoo..., se:cdpVersion: 140.0.7339.81, setWindowRect: true, strictFileInteractability: false, timeouts: {implicit: 0, pageLoad: 300000, script: 30000}, unhandledPromptBehavior: dismiss and notify, webauthn:extension:credBlob: true, webauthn:extension:largeBlob: true, webauthn:extension:minPinLength: true, webauthn:extension:prf: true, webauthn:virtualAuthenticators: true}&amp#27;[39m
        &amp#27;[31mSession ID: 5f637bfc086c61f826f9ae559d801cd8&amp#27;[39m
        &amp#27;[31m	at java.base/jdk.internal.reflect.NativeConstructorAccessorImpl.newInstance0(Native Method)&amp#27;[39m
        &amp#27;[31m	at java.base/jdk.internal.reflect.NativeConstructorAccessorImpl.newInstance(NativeConstructorAccessorImpl.java:77)&amp#27;[39m
        &amp#27;[31m	at java.base/jdk.internal.reflect.DelegatingConstructorAccessorImpl.newInstance(DelegatingConstructorAccessorImpl.java:45)&amp#27;[39m
        &amp#27;[31m	at java.base/java.lang.reflect.Constructor.newInstanceWithCaller(Constructor.java:499)&amp#27;[39m
        &amp#27;[31m	at java.base/java.lang.reflect.Constructor.newInstance(Constructor.java:480)&amp#27;[39m
        &amp#27;[31m	at org.openqa.selenium.remote.ErrorCodec.decode(ErrorCodec.java:167)&amp#27;[39m
        &amp#27;[31m	at org.openqa.selenium.remote.codec.w3c.W3CHttpResponseCodec.decode(W3CHttpResponseCodec.java:138)&amp#27;[39m
        &amp#27;[31m	at org.openqa.selenium.remote.codec.w3c.W3CHttpResponseCodec.decode(W3CHttpResponseCodec.java:50)&amp#27;[39m
        &amp#27;[31m	at org.openqa.selenium.remote.HttpCommandExecutor.execute(HttpCommandExecutor.java:190)&amp#27;[39m
        &amp#27;[31m	at org.openqa.selenium.remote.service.DriverCommandExecutor.invokeExecute(DriverCommandExecutor.java:216)&amp#27;[39m
        &amp#27;[31m	at org.openqa.selenium.remote.service.DriverCommandExecutor.execute(DriverCommandExecutor.java:174)&amp#27;[39m
        &amp#27;[31m	at org.openqa.selenium.remote.RemoteWebDriver.execute(RemoteWebDriver.java:527)&amp#27;[39m
        &amp#27;[31m	at org.openqa.selenium.remote.ElementLocation$ElementFinder$2.findElement(ElementLocation.java:165)&amp#27;[39m
        &amp#27;[31m	at org.openqa.selenium.remote.ElementLocation.findElement(ElementLocation.java:59)&amp#27;[39m
        &amp#27;[31m	at org.openqa.selenium.remote.RemoteWebDriver.findElement(RemoteWebDriver.java:357)&amp#27;[39m
        &amp#27;[31m	at org.openqa.selenium.remote.RemoteWebDriver.findElement(RemoteWebDriver.java:351)&amp#27;[39m
        &amp#27;[31m	at step_deifinition.PageClass.clickChangePassBtn(PageClass.java:417)&amp#27;[39m
        &amp#27;[31m	at step_deifinition.Step_Logout_ChangePassword.click_on_change_password_button(Step_Logout_ChangePassword.java:65)&amp#27;[39m
        &amp#27;[31m	at âœ½.click on change password button(file:///C:/Users/owner/new_eclipse_workspace/Nopcommerce/src/test/resources/nopcommerce_features/10logout_change_password.feature:10)&amp#27;[39m
  &amp#27;[36mâ†·&amp#27;[39m &amp#27;[36m&amp#27;[1mThen &amp#27;[22mpassword changed successfully&amp#27;[39m                        &amp#27;[90m# step_deifinition.Step_Logout_ChangePassword.password_changed_successfully()&amp#27;[39m
  &amp#27;[36mâ†·&amp#27;[39m &amp#27;[36m&amp#27;[1mAnd &amp#27;[22mclick on logout button&amp#27;[39m                                &amp#27;[90m# step_deifinition.Step_Logout_ChangePassword.click_on_logout_button()&amp#27;[39m
  &amp#27;[36mâ†·&amp#27;[39m &amp#27;[36m&amp#27;[1mThen &amp#27;[22mlogged out of nopcommerce&amp#27;[39m                            &amp#27;[90m# step_deifinition.Step_Logout_ChangePassword.logged_out_of_nopcommerce()&amp#27;[39m
]]></system-out>
    <system-err><![CDATA[Sep 07, 2025 12:07:55 AM org.openqa.selenium.devtools.CdpVersionFinder findNearestMatch
WARNING: Unable to find CDP implementation matching 140
Sep 07, 2025 12:07:55 AM org.openqa.selenium.chromium.ChromiumDriver lambda$new$5
WARNING: Unable to find version of CDP to use for 140.0.7339.81. You may need to include a dependency on a specific version of the CDP using something similar to `org.seleniumhq.selenium:selenium-devtools-v86:4.23.0` where the version ("v86") matches the version of the chromium-based browser you're using and the version number of the artifact is the same as Selenium's.
]]></system-err>
  </testcase>
</testsuite>