<?xml version="1.0" encoding="UTF-8"?>
<testsuite xmlns:xsi="http://www.w3.org/2001/XMLSchema-instance" xsi:noNamespaceSchemaLocation="https://maven.apache.org/surefire/maven-surefire-plugin/xsd/surefire-test-report-3.0.xsd" version="3.0" name="step_deifinition.TestRunner" time="338.661" tests="10" errors="0" skipped="0" failures="0">
  <properties>
[...]
</properties>
  <testcase name="Validate Registration" classname="Check user is able to register using correct details" time="31.914">
    <system-out><![CDATA[
&amp#27;[1mScenario:&amp#27;[22m Validate Registration                            &amp#27;[90m# file:///C:/Users/owner/git/Ninad_Nasikkar_Final_Wipro_Capstone_Project/Nopcommerce/src/test/resources/nopcommerce_features/01register.feature:2&amp#27;[39m
  &amp#27;[32mâœ”&amp#27;[39m &amp#27;[32m&amp#27;[1mGiven &amp#27;[22mregistration page should open in default browser&amp#27;[39m &amp#27;[90m# step_deifinition.Step_Register.registration_page_should_open_in_default_browser()&amp#27;[39m
  &amp#27;[32mâœ”&amp#27;[39m &amp#27;[32m&amp#27;[1mWhen &amp#27;[22mclick on register button&amp#27;[39m                          &amp#27;[90m# step_deifinition.Step_Register.click_on_register_button()&amp#27;[39m
  &amp#27;[32mâœ”&amp#27;[39m &amp#27;[32m&amp#27;[1mAnd &amp#27;[22menter the details&amp#27;[39m                                  &amp#27;[90m# step_deifinition.Step_Register.enter_the_details()&amp#27;[39m
  &amp#27;[32mâœ”&amp#27;[39m &amp#27;[32m&amp#27;[1mAnd &amp#27;[22mcreate new password&amp#27;[39m                                &amp#27;[90m# step_deifinition.Step_Register.create_new_password()&amp#27;[39m
  &amp#27;[32mâœ”&amp#27;[39m &amp#27;[32m&amp#27;[1mAnd &amp#27;[22mclick on register&amp#27;[39m                                  &amp#27;[90m# step_deifinition.Step_Register.click_on_register()&amp#27;[39m
  &amp#27;[32mâœ”&amp#27;[39m &amp#27;[32m&amp#27;[1mAnd &amp#27;[22mclick on continue&amp#27;[39m                                  &amp#27;[90m# step_deifinition.Step_Register.click_on_coninue()&amp#27;[39m
registration successful
  &amp#27;[32mâœ”&amp#27;[39m &amp#27;[32m&amp#27;[1mThen &amp#27;[22mopen home page&amp#27;[39m                                    &amp#27;[90m# step_deifinition.Step_Register.open_home_page()&amp#27;[39m
]]></system-out>
    <system-err><![CDATA[Sep 09, 2025 1:22:35 AM org.openqa.selenium.devtools.CdpVersionFinder findNearestMatch
WARNING: Unable to find CDP implementation matching 140
Sep 09, 2025 1:22:35 AM org.openqa.selenium.chromium.ChromiumDriver lambda$new$5
WARNING: Unable to find version of CDP to use for 140.0.7339.81. You may need to include a dependency on a specific version of the CDP using something similar to `org.seleniumhq.selenium:selenium-devtools-v86:4.23.0` where the version ("v86") matches the version of the chromium-based browser you're using and the version number of the artifact is the same as Selenium's.
]]></system-err>
  </testcase>
  <testcase name="Validate Login" classname="Check user is able to login with valid credentials" time="39.95">
    <system-out><![CDATA[
&amp#27;[1mScenario:&amp#27;[22m Validate Login                            &amp#27;[90m# file:///C:/Users/owner/git/Ninad_Nasikkar_Final_Wipro_Capstone_Project/Nopcommerce/src/test/resources/nopcommerce_features/02login.feature:2&amp#27;[39m
  &amp#27;[32mâœ”&amp#27;[39m &amp#27;[32m&amp#27;[1mGiven &amp#27;[22mlogin page should open in default browser&amp#27;[39m &amp#27;[90m# step_deifinition.Step_Login.login_page_should_open_in_default_browser()&amp#27;[39m
  &amp#27;[32mâœ”&amp#27;[39m &amp#27;[32m&amp#27;[1mWhen &amp#27;[22mclick on login button&amp#27;[39m                      &amp#27;[90m# step_deifinition.Step_Login.click_on_login_button()&amp#27;[39m
  &amp#27;[32mâœ”&amp#27;[39m &amp#27;[32m&amp#27;[1mAnd &amp#27;[22menter the email address&amp#27;[39m                     &amp#27;[90m# step_deifinition.Step_Login.enter_the_email_address()&amp#27;[39m
  &amp#27;[32mâœ”&amp#27;[39m &amp#27;[32m&amp#27;[1mAnd &amp#27;[22menter password&amp#27;[39m                              &amp#27;[90m# step_deifinition.Step_Login.enter_password()&amp#27;[39m
  &amp#27;[32mâœ”&amp#27;[39m &amp#27;[32m&amp#27;[1mAnd &amp#27;[22mclick on login&amp#27;[39m                              &amp#27;[90m# step_deifinition.Step_Login.click_on_login()&amp#27;[39m
login successful
  &amp#27;[32mâœ”&amp#27;[39m &amp#27;[32m&amp#27;[1mThen &amp#27;[22mopen new webpage&amp#27;[39m                           &amp#27;[90m# step_deifinition.Step_Login.open_new_webpage()&amp#27;[39m
]]></system-out>
    <system-err><![CDATA[Sep 09, 2025 1:23:06 AM org.openqa.selenium.devtools.CdpVersionFinder findNearestMatch
WARNING: Unable to find CDP implementation matching 140
Sep 09, 2025 1:23:06 AM org.openqa.selenium.chromium.ChromiumDriver lambda$new$5
WARNING: Unable to find version of CDP to use for 140.0.7339.81. You may need to include a dependency on a specific version of the CDP using something similar to `org.seleniumhq.selenium:selenium-devtools-v86:4.23.0` where the version ("v86") matches the version of the chromium-based browser you're using and the version number of the artifact is the same as Selenium's.
]]></system-err>
  </testcase>
  <testcase name="Validate Search" classname="Check user is able to search products" time="13.574">
    <system-out><![CDATA[
&amp#27;[1mScenario:&amp#27;[22m Validate Search                            &amp#27;[90m# file:///C:/Users/owner/git/Ninad_Nasikkar_Final_Wipro_Capstone_Project/Nopcommerce/src/test/resources/nopcommerce_features/03search.feature:2&amp#27;[39m
  &amp#27;[32mâœ”&amp#27;[39m &amp#27;[32m&amp#27;[1mGiven &amp#27;[22msearch page should open in default browser&amp#27;[39m &amp#27;[90m# step_deifinition.Step_Search.search_page_should_open_in_default_browser()&amp#27;[39m
  &amp#27;[32mâœ”&amp#27;[39m &amp#27;[32m&amp#27;[1mWhen &amp#27;[22menter product names in searchbox&amp#27;[39m            &amp#27;[90m# step_deifinition.Step_Search.enter_product_names_in_searchbox()&amp#27;[39m
Searched successfully
  &amp#27;[32mâœ”&amp#27;[39m &amp#27;[32m&amp#27;[1mThen &amp#27;[22mdisplay product lists&amp#27;[39m                       &amp#27;[90m# step_deifinition.Step_Search.display_product_lists()&amp#27;[39m
]]></system-out>
    <system-err><![CDATA[Sep 09, 2025 1:23:45 AM org.openqa.selenium.devtools.CdpVersionFinder findNearestMatch
WARNING: Unable to find CDP implementation matching 140
Sep 09, 2025 1:23:45 AM org.openqa.selenium.chromium.ChromiumDriver lambda$new$5
WARNING: Unable to find version of CDP to use for 140.0.7339.81. You may need to include a dependency on a specific version of the CDP using something similar to `org.seleniumhq.selenium:selenium-devtools-v86:4.23.0` where the version ("v86") matches the version of the chromium-based browser you're using and the version number of the artifact is the same as Selenium's.
]]></system-err>
  </testcase>
  <testcase name="Validate Add to cart" classname="Check user is able to add products to cart" time="20.749">
    <system-out><![CDATA[
&amp#27;[1mScenario:&amp#27;[22m Validate Add to cart                            &amp#27;[90m# file:///C:/Users/owner/git/Ninad_Nasikkar_Final_Wipro_Capstone_Project/Nopcommerce/src/test/resources/nopcommerce_features/04add_to_cart.feature:2&amp#27;[39m
  &amp#27;[32mâœ”&amp#27;[39m &amp#27;[32m&amp#27;[1mGiven &amp#27;[22madd to cart page should open in default browser&amp#27;[39m &amp#27;[90m# step_deifinition.Step_AddToCart.add_to_cart_page_should_open_in_default_browser()&amp#27;[39m
  &amp#27;[32mâœ”&amp#27;[39m &amp#27;[32m&amp#27;[1mWhen &amp#27;[22msearch for a product&amp#27;[39m                             &amp#27;[90m# step_deifinition.Step_AddToCart.search_for_a_product()&amp#27;[39m
  &amp#27;[32mâœ”&amp#27;[39m &amp#27;[32m&amp#27;[1mAnd &amp#27;[22mclick on add to cart button&amp#27;[39m                       &amp#27;[90m# step_deifinition.Step_AddToCart.click_on_add_to_cart_button()&amp#27;[39m
  &amp#27;[32mâœ”&amp#27;[39m &amp#27;[32m&amp#27;[1mAnd &amp#27;[22mclick on shopping cart button&amp#27;[39m                     &amp#27;[90m# step_deifinition.Step_AddToCart.click_on_shopping_cart_button()&amp#27;[39m
Product added to cart successfully
  &amp#27;[32mâœ”&amp#27;[39m &amp#27;[32m&amp#27;[1mThen &amp#27;[22mshow the added product&amp#27;[39m                           &amp#27;[90m# step_deifinition.Step_AddToCart.show_the_added_product()&amp#27;[39m
]]></system-out>
    <system-err><![CDATA[Sep 09, 2025 1:24:00 AM org.openqa.selenium.devtools.CdpVersionFinder findNearestMatch
WARNING: Unable to find CDP implementation matching 140
Sep 09, 2025 1:24:00 AM org.openqa.selenium.chromium.ChromiumDriver lambda$new$5
WARNING: Unable to find version of CDP to use for 140.0.7339.81. You may need to include a dependency on a specific version of the CDP using something similar to `org.seleniumhq.selenium:selenium-devtools-v86:4.23.0` where the version ("v86") matches the version of the chromium-based browser you're using and the version number of the artifact is the same as Selenium's.
]]></system-err>
  </testcase>
  <testcase name="Validate delete from cart" classname="Check user is able to delete products from cart" time="72.701">
    <system-out><![CDATA[
&amp#27;[1mScenario:&amp#27;[22m Validate delete from cart                            &amp#27;[90m# file:///C:/Users/owner/git/Ninad_Nasikkar_Final_Wipro_Capstone_Project/Nopcommerce/src/test/resources/nopcommerce_features/05delete_from_cart.feature:2&amp#27;[39m
  &amp#27;[32mâœ”&amp#27;[39m &amp#27;[32m&amp#27;[1mGiven &amp#27;[22mdelete from cart page should open in default browser&amp#27;[39m &amp#27;[90m# step_deifinition.Step_DeleteFromCart.delete_from_cart_page_should_open_in_default_browser()&amp#27;[39m
  &amp#27;[32mâœ”&amp#27;[39m &amp#27;[32m&amp#27;[1mWhen &amp#27;[22mAdd the product to cart&amp#27;[39m                               &amp#27;[90m# step_deifinition.Step_DeleteFromCart.Add_the_product_to_cart()&amp#27;[39m
  &amp#27;[32mâœ”&amp#27;[39m &amp#27;[32m&amp#27;[1mAnd &amp#27;[22mClick on shopping cart&amp#27;[39m                                 &amp#27;[90m# step_deifinition.Step_DeleteFromCart.click_on_shopping_cart()&amp#27;[39m
  &amp#27;[32mâœ”&amp#27;[39m &amp#27;[32m&amp#27;[1mAnd &amp#27;[22mclick on remove button&amp#27;[39m                                 &amp#27;[90m# step_deifinition.Step_DeleteFromCart.click_on_remove_button()&amp#27;[39m
product deleted successfully
  &amp#27;[32mâœ”&amp#27;[39m &amp#27;[32m&amp#27;[1mThen &amp#27;[22mproduct deleted successfully&amp#27;[39m                          &amp#27;[90m# step_deifinition.Step_DeleteFromCart.product_deleted_successfully()&amp#27;[39m
]]></system-out>
    <system-err><![CDATA[Sep 09, 2025 1:24:21 AM org.openqa.selenium.devtools.CdpVersionFinder findNearestMatch
WARNING: Unable to find CDP implementation matching 140
Sep 09, 2025 1:24:21 AM org.openqa.selenium.chromium.ChromiumDriver lambda$new$5
WARNING: Unable to find version of CDP to use for 140.0.7339.81. You may need to include a dependency on a specific version of the CDP using something similar to `org.seleniumhq.selenium:selenium-devtools-v86:4.23.0` where the version ("v86") matches the version of the chromium-based browser you're using and the version number of the artifact is the same as Selenium's.
]]></system-err>
  </testcase>
  <testcase name="Validate Currency selection" classname="Check user is able to change the currency" time="10.083">
    <system-out><![CDATA[
&amp#27;[1mScenario:&amp#27;[22m Validate Currency selection                &amp#27;[90m# file:///C:/Users/owner/git/Ninad_Nasikkar_Final_Wipro_Capstone_Project/Nopcommerce/src/test/resources/nopcommerce_features/06currency.feature:2&amp#27;[39m
  &amp#27;[32mâœ”&amp#27;[39m &amp#27;[32m&amp#27;[1mGiven &amp#27;[22mHome page should open in default browser&amp#27;[39m   &amp#27;[90m# step_deifinition.Step_ChangeCurrency.home_page_should_open_in_default_browser()&amp#27;[39m
  &amp#27;[32mâœ”&amp#27;[39m &amp#27;[32m&amp#27;[1mWhen &amp#27;[22mclick on currency dropdown&amp#27;[39m                  &amp#27;[90m# step_deifinition.Step_ChangeCurrency.click_on_currency_dropdown()&amp#27;[39m
  &amp#27;[32mâœ”&amp#27;[39m &amp#27;[32m&amp#27;[1mAnd &amp#27;[22mclick on the euro option&amp#27;[39m                     &amp#27;[90m# step_deifinition.Step_ChangeCurrency.click_on_the_euro_option()&amp#27;[39m
Cuurencyy changed to euro
  &amp#27;[32mâœ”&amp#27;[39m &amp#27;[32m&amp#27;[1mThen &amp#27;[22mchange the currency of all products to euro&amp#27;[39m &amp#27;[90m# step_deifinition.Step_ChangeCurrency.change_the_currency_of_all_products_to_euro()&amp#27;[39m
]]></system-out>
    <system-err><![CDATA[Sep 09, 2025 1:25:33 AM org.openqa.selenium.devtools.CdpVersionFinder findNearestMatch
WARNING: Unable to find CDP implementation matching 140
Sep 09, 2025 1:25:33 AM org.openqa.selenium.chromium.ChromiumDriver lambda$new$5
WARNING: Unable to find version of CDP to use for 140.0.7339.81. You may need to include a dependency on a specific version of the CDP using something similar to `org.seleniumhq.selenium:selenium-devtools-v86:4.23.0` where the version ("v86") matches the version of the chromium-based browser you're using and the version number of the artifact is the same as Selenium's.
]]></system-err>
  </testcase>
  <testcase name="Validate add to wishlist function" classname="Check user is able to add product to wishlist" time="30.902">
    <system-out><![CDATA[
&amp#27;[1mScenario:&amp#27;[22m Validate add to wishlist function           &amp#27;[90m# file:///C:/Users/owner/git/Ninad_Nasikkar_Final_Wipro_Capstone_Project/Nopcommerce/src/test/resources/nopcommerce_features/07add_to_wishlist.feature:2&amp#27;[39m
  &amp#27;[32mâœ”&amp#27;[39m &amp#27;[32m&amp#27;[1mGiven &amp#27;[22mproduct page should open in default browser&amp#27;[39m &amp#27;[90m# step_deifinition.Step_AddToWishlist.product_page_should_open_in_default_browser()&amp#27;[39m
  &amp#27;[32mâœ”&amp#27;[39m &amp#27;[32m&amp#27;[1mWhen &amp#27;[22msearch a product&amp#27;[39m                             &amp#27;[90m# step_deifinition.Step_AddToWishlist.search_a_product()&amp#27;[39m
  &amp#27;[32mâœ”&amp#27;[39m &amp#27;[32m&amp#27;[1mAnd &amp#27;[22mclick on the add to wishlist icon&amp#27;[39m             &amp#27;[90m# step_deifinition.Step_AddToWishlist.click_on_the_add_to_wishlist_icon()&amp#27;[39m
  &amp#27;[32mâœ”&amp#27;[39m &amp#27;[32m&amp#27;[1mAnd &amp#27;[22mclick on Wishlist option&amp#27;[39m                      &amp#27;[90m# step_deifinition.Step_AddToWishlist.click_on_wishlist_option()&amp#27;[39m
Added to wishlist...
  &amp#27;[32mâœ”&amp#27;[39m &amp#27;[32m&amp#27;[1mThen &amp#27;[22mdisplay products in the wishlist&amp#27;[39m             &amp#27;[90m# step_deifinition.Step_AddToWishlist.display_products_in_the_wishlist()&amp#27;[39m
]]></system-out>
    <system-err><![CDATA[Sep 09, 2025 1:25:44 AM org.openqa.selenium.devtools.CdpVersionFinder findNearestMatch
WARNING: Unable to find CDP implementation matching 140
Sep 09, 2025 1:25:44 AM org.openqa.selenium.chromium.ChromiumDriver lambda$new$5
WARNING: Unable to find version of CDP to use for 140.0.7339.81. You may need to include a dependency on a specific version of the CDP using something similar to `org.seleniumhq.selenium:selenium-devtools-v86:4.23.0` where the version ("v86") matches the version of the chromium-based browser you're using and the version number of the artifact is the same as Selenium's.
]]></system-err>
  </testcase>
  <testcase name="Validate Social media" classname="Check user is able to open social media pages of nopcommerce" time="25.352">
    <system-out><![CDATA[
&amp#27;[1mScenario:&amp#27;[22m Validate Social media                            &amp#27;[90m# file:///C:/Users/owner/git/Ninad_Nasikkar_Final_Wipro_Capstone_Project/Nopcommerce/src/test/resources/nopcommerce_features/08social_media.feature:2&amp#27;[39m
  &amp#27;[32mâœ”&amp#27;[39m &amp#27;[32m&amp#27;[1mGiven &amp#27;[22mSocial media page should open in default browser&amp#27;[39m &amp#27;[90m# step_deifinition.Step_SocialMedia.social_media_page_should_open_in_default_browser()&amp#27;[39m
  &amp#27;[32mâœ”&amp#27;[39m &amp#27;[32m&amp#27;[1mWhen &amp#27;[22mscroll to the footer section&amp#27;[39m                      &amp#27;[90m# step_deifinition.Step_SocialMedia.scroll_to_the_footer_section()&amp#27;[39m
  &amp#27;[32mâœ”&amp#27;[39m &amp#27;[32m&amp#27;[1mAnd &amp#27;[22mclick on facebook icon&amp#27;[39m                             &amp#27;[90m# step_deifinition.Step_SocialMedia.click_on_facebook_icon()&amp#27;[39m
Facebook page opened..
  &amp#27;[32mâœ”&amp#27;[39m &amp#27;[32m&amp#27;[1mThen &amp#27;[22mopen facebook page of nopcommerce&amp#27;[39m                 &amp#27;[90m# step_deifinition.Step_SocialMedia.open_facebook_page_of_nopcommerce()&amp#27;[39m
  &amp#27;[32mâœ”&amp#27;[39m &amp#27;[32m&amp#27;[1mAnd &amp#27;[22mclick on x icon&amp#27;[39m                                    &amp#27;[90m# step_deifinition.Step_SocialMedia.click_on_x_icon()&amp#27;[39m
X page opened..
  &amp#27;[32mâœ”&amp#27;[39m &amp#27;[32m&amp#27;[1mThen &amp#27;[22mopen x page of nopcommerce&amp#27;[39m                        &amp#27;[90m# step_deifinition.Step_SocialMedia.open_x_page_of_nopcommerce()&amp#27;[39m
  &amp#27;[32mâœ”&amp#27;[39m &amp#27;[32m&amp#27;[1mAnd &amp#27;[22mclick on instagram icon&amp#27;[39m                            &amp#27;[90m# step_deifinition.Step_SocialMedia.click_on_instagram_icon()&amp#27;[39m
Instagram page opened..
  &amp#27;[32mâœ”&amp#27;[39m &amp#27;[32m&amp#27;[1mThen &amp#27;[22mopen instagram page of nopcommerce&amp#27;[39m                &amp#27;[90m# step_deifinition.Step_SocialMedia.open_instagram_page_of_nopcommerce()&amp#27;[39m
  &amp#27;[32mâœ”&amp#27;[39m &amp#27;[32m&amp#27;[1mAnd &amp#27;[22mclick on youtube icon&amp#27;[39m                              &amp#27;[90m# step_deifinition.Step_SocialMedia.click_on_youtube_icon()&amp#27;[39m
Youtube page opened..
  &amp#27;[32mâœ”&amp#27;[39m &amp#27;[32m&amp#27;[1mThen &amp#27;[22mopen youtube page of nopcommerce&amp#27;[39m                  &amp#27;[90m# step_deifinition.Step_SocialMedia.open_youtube_page_of_nopcommerce()&amp#27;[39m
]]></system-out>
    <system-err><![CDATA[Sep 09, 2025 1:26:14 AM org.openqa.selenium.devtools.CdpVersionFinder findNearestMatch
WARNING: Unable to find CDP implementation matching 140
Sep 09, 2025 1:26:14 AM org.openqa.selenium.chromium.ChromiumDriver lambda$new$5
WARNING: Unable to find version of CDP to use for 140.0.7339.81. You may need to include a dependency on a specific version of the CDP using something similar to `org.seleniumhq.selenium:selenium-devtools-v86:4.23.0` where the version ("v86") matches the version of the chromium-based browser you're using and the version number of the artifact is the same as Selenium's.
]]></system-err>
  </testcase>
  <testcase name="Validate Update Address" classname="Check user is able to add new address" time="46.507">
    <system-out><![CDATA[
&amp#27;[1mScenario:&amp#27;[22m Validate Update Address                     &amp#27;[90m# file:///C:/Users/owner/git/Ninad_Nasikkar_Final_Wipro_Capstone_Project/Nopcommerce/src/test/resources/nopcommerce_features/09add_address.feature:2&amp#27;[39m
  &amp#27;[32mâœ”&amp#27;[39m &amp#27;[32m&amp#27;[1mGiven &amp#27;[22maddress page should open in default browser&amp#27;[39m &amp#27;[90m# step_deifinition.Step_AddAddress.address_page_should_open_in_default_browser()&amp#27;[39m
  &amp#27;[32mâœ”&amp#27;[39m &amp#27;[32m&amp#27;[1mWhen &amp#27;[22mlog in to nopcommerce website&amp#27;[39m                &amp#27;[90m# step_deifinition.Step_AddAddress.log_in_to_nopcommerce_website()&amp#27;[39m
  &amp#27;[32mâœ”&amp#27;[39m &amp#27;[32m&amp#27;[1mAnd &amp#27;[22mclick on my account button&amp#27;[39m                    &amp#27;[90m# step_deifinition.Step_AddAddress.click_on_my_account_button()&amp#27;[39m
  &amp#27;[32mâœ”&amp#27;[39m &amp#27;[32m&amp#27;[1mAnd &amp#27;[22mclick on addresses button&amp#27;[39m                     &amp#27;[90m# step_deifinition.Step_AddAddress.click_on_addresses_button()&amp#27;[39m
  &amp#27;[32mâœ”&amp#27;[39m &amp#27;[32m&amp#27;[1mAnd &amp#27;[22mclick on add new button&amp#27;[39m                       &amp#27;[90m# step_deifinition.Step_AddAddress.click_on_add_new_button()&amp#27;[39m
  &amp#27;[32mâœ”&amp#27;[39m &amp#27;[32m&amp#27;[1mAnd &amp#27;[22menter first name&amp#27;[39m                              &amp#27;[90m# step_deifinition.Step_AddAddress.enter_first_name()&amp#27;[39m
  &amp#27;[32mâœ”&amp#27;[39m &amp#27;[32m&amp#27;[1mAnd &amp#27;[22menter last name&amp#27;[39m                               &amp#27;[90m# step_deifinition.Step_AddAddress.enter_last_name()&amp#27;[39m
  &amp#27;[32mâœ”&amp#27;[39m &amp#27;[32m&amp#27;[1mAnd &amp#27;[22menter email address&amp#27;[39m                           &amp#27;[90m# step_deifinition.Step_AddAddress.enter_email_address()&amp#27;[39m
  &amp#27;[32mâœ”&amp#27;[39m &amp#27;[32m&amp#27;[1mAnd &amp#27;[22menter company&amp#27;[39m                                 &amp#27;[90m# step_deifinition.Step_AddAddress.enter_company()&amp#27;[39m
  &amp#27;[32mâœ”&amp#27;[39m &amp#27;[32m&amp#27;[1mAnd &amp#27;[22mselect country from dropdown&amp#27;[39m                  &amp#27;[90m# step_deifinition.Step_AddAddress.select_country_from_dropdown()&amp#27;[39m
  &amp#27;[32mâœ”&amp#27;[39m &amp#27;[32m&amp#27;[1mAnd &amp#27;[22mselect state from dropdown&amp#27;[39m                    &amp#27;[90m# step_deifinition.Step_AddAddress.select_state_from_dropdown()&amp#27;[39m
  &amp#27;[32mâœ”&amp#27;[39m &amp#27;[32m&amp#27;[1mAnd &amp#27;[22menter city&amp#27;[39m                                    &amp#27;[90m# step_deifinition.Step_AddAddress.enter_city()&amp#27;[39m
  &amp#27;[32mâœ”&amp#27;[39m &amp#27;[32m&amp#27;[1mAnd &amp#27;[22menter address line one&amp#27;[39m                        &amp#27;[90m# step_deifinition.Step_AddAddress.enter_address_line_one()&amp#27;[39m
  &amp#27;[32mâœ”&amp#27;[39m &amp#27;[32m&amp#27;[1mAnd &amp#27;[22menter address line two&amp#27;[39m                        &amp#27;[90m# step_deifinition.Step_AddAddress.enter_address_line_two()&amp#27;[39m
  &amp#27;[32mâœ”&amp#27;[39m &amp#27;[32m&amp#27;[1mAnd &amp#27;[22menter pincode&amp#27;[39m                                 &amp#27;[90m# step_deifinition.Step_AddAddress.enter_pincode()&amp#27;[39m
  &amp#27;[32mâœ”&amp#27;[39m &amp#27;[32m&amp#27;[1mAnd &amp#27;[22menter phone number&amp#27;[39m                            &amp#27;[90m# step_deifinition.Step_AddAddress.enter_phone_number()&amp#27;[39m
  &amp#27;[32mâœ”&amp#27;[39m &amp#27;[32m&amp#27;[1mAnd &amp#27;[22mclick on save button&amp#27;[39m                          &amp#27;[90m# step_deifinition.Step_AddAddress.click_on_save_button()&amp#27;[39m
New address added
  &amp#27;[32mâœ”&amp#27;[39m &amp#27;[32m&amp#27;[1mThen &amp#27;[22mnew address added successfully&amp#27;[39m               &amp#27;[90m# step_deifinition.Step_AddAddress.new_address_added_successfully()&amp#27;[39m
]]></system-out>
    <system-err><![CDATA[Sep 09, 2025 1:26:41 AM org.openqa.selenium.devtools.CdpVersionFinder findNearestMatch
WARNING: Unable to find CDP implementation matching 140
Sep 09, 2025 1:26:41 AM org.openqa.selenium.chromium.ChromiumDriver lambda$new$5
WARNING: Unable to find version of CDP to use for 140.0.7339.81. You may need to include a dependency on a specific version of the CDP using something similar to `org.seleniumhq.selenium:selenium-devtools-v86:4.23.0` where the version ("v86") matches the version of the chromium-based browser you're using and the version number of the artifact is the same as Selenium's.
]]></system-err>
  </testcase>
  <testcase name="Validate change password and logout functionality" classname="Check user is able to change password and logout" time="44.454">
    <system-out><![CDATA[
&amp#27;[1mScenario:&amp#27;[22m Validate change password and logout functionality   &amp#27;[90m# file:///C:/Users/owner/git/Ninad_Nasikkar_Final_Wipro_Capstone_Project/Nopcommerce/src/test/resources/nopcommerce_features/10logout_change_password.feature:2&amp#27;[39m
  &amp#27;[32mâœ”&amp#27;[39m &amp#27;[32m&amp#27;[1mGiven &amp#27;[22mchange password page should open in default browser&amp#27;[39m &amp#27;[90m# step_deifinition.Step_Logout_ChangePassword.change_password_page_should_open_in_default_browser()&amp#27;[39m
  &amp#27;[32mâœ”&amp#27;[39m &amp#27;[32m&amp#27;[1mWhen &amp#27;[22mlogin to nopcommerce&amp#27;[39m                                 &amp#27;[90m# step_deifinition.Step_Logout_ChangePassword.login_to_nopcommerce()&amp#27;[39m
  &amp#27;[32mâœ”&amp#27;[39m &amp#27;[32m&amp#27;[1mAnd &amp#27;[22mclick on my account option&amp#27;[39m                            &amp#27;[90m# step_deifinition.Step_Logout_ChangePassword.click_on_my_account_option()&amp#27;[39m
  &amp#27;[32mâœ”&amp#27;[39m &amp#27;[32m&amp#27;[1mAnd &amp#27;[22mclick on change password&amp#27;[39m                              &amp#27;[90m# step_deifinition.Step_Logout_ChangePassword.click_on_change_password()&amp#27;[39m
  &amp#27;[32mâœ”&amp#27;[39m &amp#27;[32m&amp#27;[1mAnd &amp#27;[22menter old password&amp#27;[39m                                    &amp#27;[90m# step_deifinition.Step_Logout_ChangePassword.enter_old_password()&amp#27;[39m
  &amp#27;[32mâœ”&amp#27;[39m &amp#27;[32m&amp#27;[1mAnd &amp#27;[22menter new password&amp#27;[39m                                    &amp#27;[90m# step_deifinition.Step_Logout_ChangePassword.enter_new_password()&amp#27;[39m
  &amp#27;[32mâœ”&amp#27;[39m &amp#27;[32m&amp#27;[1mAnd &amp#27;[22mconfirm password&amp#27;[39m                                      &amp#27;[90m# step_deifinition.Step_Logout_ChangePassword.confirm_password()&amp#27;[39m
  &amp#27;[32mâœ”&amp#27;[39m &amp#27;[32m&amp#27;[1mAnd &amp#27;[22mclick on change password button&amp#27;[39m                       &amp#27;[90m# step_deifinition.Step_Logout_ChangePassword.click_on_change_password_button()&amp#27;[39m
Password changed successfully
  &amp#27;[32mâœ”&amp#27;[39m &amp#27;[32m&amp#27;[1mThen &amp#27;[22mpassword changed successfully&amp#27;[39m                        &amp#27;[90m# step_deifinition.Step_Logout_ChangePassword.password_changed_successfully()&amp#27;[39m
  &amp#27;[32mâœ”&amp#27;[39m &amp#27;[32m&amp#27;[1mAnd &amp#27;[22mclick on logout button&amp#27;[39m                                &amp#27;[90m# step_deifinition.Step_Logout_ChangePassword.click_on_logout_button()&amp#27;[39m
Logged out successfully
  &amp#27;[32mâœ”&amp#27;[39m &amp#27;[32m&amp#27;[1mThen &amp#27;[22mlogged out of nopcommerce&amp#27;[39m                            &amp#27;[90m# step_deifinition.Step_Logout_ChangePassword.logged_out_of_nopcommerce()&amp#27;[39m
]]></system-out>
    <system-err><![CDATA[Sep 09, 2025 1:27:25 AM org.openqa.selenium.devtools.CdpVersionFinder findNearestMatch
WARNING: Unable to find CDP implementation matching 140
Sep 09, 2025 1:27:25 AM org.openqa.selenium.chromium.ChromiumDriver lambda$new$5
WARNING: Unable to find version of CDP to use for 140.0.7339.81. You may need to include a dependency on a specific version of the CDP using something similar to `org.seleniumhq.selenium:selenium-devtools-v86:4.23.0` where the version ("v86") matches the version of the chromium-based browser you're using and the version number of the artifact is the same as Selenium's.
Sep 09, 2025 1:28:08 AM org.openqa.selenium.remote.http.WebSocket$Listener onError
WARNING: Connection reset
java.net.SocketException: Connection reset
	at java.base/sun.nio.ch.SocketChannelImpl.throwConnectionReset(SocketChannelImpl.java:394)
	at java.base/sun.nio.ch.SocketChannelImpl.read(SocketChannelImpl.java:426)
	at java.net.http/jdk.internal.net.http.SocketTube.readAvailable(SocketTube.java:1170)
	at java.net.http/jdk.internal.net.http.SocketTube$InternalReadPublisher$InternalReadSubscription.read(SocketTube.java:833)
	at java.net.http/jdk.internal.net.http.SocketTube$SocketFlowTask.run(SocketTube.java:181)
	at java.net.http/jdk.internal.net.http.common.SequentialScheduler$SchedulableTask.run(SequentialScheduler.java:230)
	at java.net.http/jdk.internal.net.http.common.SequentialScheduler.runOrSchedule(SequentialScheduler.java:303)
	at java.net.http/jdk.internal.net.http.common.SequentialScheduler.runOrSchedule(SequentialScheduler.java:256)
	at java.net.http/jdk.internal.net.http.SocketTube$InternalReadPublisher$InternalReadSubscription.signalReadable(SocketTube.java:774)
	at java.net.http/jdk.internal.net.http.SocketTube$InternalReadPublisher$ReadEvent.signalEvent(SocketTube.java:957)
	at java.net.http/jdk.internal.net.http.SocketTube$SocketFlowEvent.handle(SocketTube.java:253)
	at java.net.http/jdk.internal.net.http.HttpClientImpl$SelectorManager.handleEvent(HttpClientImpl.java:982)
	at java.net.http/jdk.internal.net.http.HttpClientImpl$SelectorManager.lambda$run$3(HttpClientImpl.java:937)
	at java.base/java.util.ArrayList.forEach(ArrayList.java:1511)
	at java.net.http/jdk.internal.net.http.HttpClientImpl$SelectorManager.run(HttpClientImpl.java:937)

]]></system-err>
  </testcase>
</testsuite>